<?xml version="1.0" encoding="UTF-8"?>
<coverage generated="1624301528557" clover="3.2.0">
  <project timestamp="1624301528557" name="All files">
    <metrics statements="58" coveredstatements="58" conditionals="26" coveredconditionals="26" methods="14" coveredmethods="14" elements="98" coveredelements="98" complexity="0" loc="58" ncloc="58" packages="1" files="2" classes="2"/>
    <file name="BaseConverter.ts" path="/var/www/html/ocelotl_container/nodecfdi/utils-internals-baseconverter/src/BaseConverter.ts">
      <metrics statements="37" coveredstatements="37" conditionals="16" coveredconditionals="16" methods="5" coveredmethods="5"/>
      <line num="1" count="1" type="stmt"/>
      <line num="3" count="1" type="stmt"/>
      <line num="7" count="15" type="stmt"/>
      <line num="11" count="8" type="stmt"/>
      <line num="15" count="21" type="stmt"/>
      <line num="19" count="13" type="stmt"/>
      <line num="23" count="15" type="cond" truecount="4" falsecount="0"/>
      <line num="24" count="4" type="stmt"/>
      <line num="26" count="11" type="cond" truecount="4" falsecount="0"/>
      <line num="27" count="4" type="stmt"/>
      <line num="29" count="7" type="stmt"/>
      <line num="30" count="7" type="cond" truecount="2" falsecount="0"/>
      <line num="31" count="1" type="stmt"/>
      <line num="33" count="7" type="stmt"/>
      <line num="34" count="7" type="cond" truecount="2" falsecount="0"/>
      <line num="35" count="1" type="stmt"/>
      <line num="37" count="6" type="stmt"/>
      <line num="38" count="6" type="stmt"/>
      <line num="39" count="6" type="stmt"/>
      <line num="40" count="74" type="stmt"/>
      <line num="42" count="6" type="stmt"/>
      <line num="43" count="6" type="stmt"/>
      <line num="44" count="6" type="stmt"/>
      <line num="45" count="79" type="stmt"/>
      <line num="46" count="79" type="stmt"/>
      <line num="47" count="79" type="stmt"/>
      <line num="48" count="1130" type="stmt"/>
      <line num="49" count="1130" type="cond" truecount="2" falsecount="0"/>
      <line num="50" count="965" type="stmt"/>
      <line num="51" count="965" type="stmt"/>
      <line num="52" count="965" type="stmt"/>
      <line num="53" count="165" type="cond" truecount="2" falsecount="0"/>
      <line num="54" count="91" type="stmt"/>
      <line num="55" count="91" type="stmt"/>
      <line num="58" count="79" type="stmt"/>
      <line num="59" count="79" type="stmt"/>
      <line num="61" count="6" type="stmt"/>
    </file>
    <file name="BaseConverterSequence.ts" path="/var/www/html/ocelotl_container/nodecfdi/utils-internals-baseconverter/src/BaseConverterSequence.ts">
      <metrics statements="21" coveredstatements="21" conditionals="10" coveredconditionals="10" methods="9" coveredmethods="9"/>
      <line num="1" count="2" type="stmt"/>
      <line num="5" count="21" type="stmt"/>
      <line num="6" count="16" type="stmt"/>
      <line num="10" count="1" type="stmt"/>
      <line num="14" count="8" type="stmt"/>
      <line num="18" count="22" type="stmt"/>
      <line num="22" count="4" type="stmt"/>
      <line num="23" count="4" type="stmt"/>
      <line num="24" count="1" type="stmt"/>
      <line num="26" count="3" type="stmt"/>
      <line num="31" count="25" type="stmt"/>
      <line num="33" count="25" type="cond" truecount="2" falsecount="0"/>
      <line num="34" count="4" type="stmt"/>
      <line num="36" count="21" type="cond" truecount="2" falsecount="0"/>
      <line num="37" count="1" type="stmt"/>
      <line num="39" count="534" type="cond" truecount="4" falsecount="0"/>
      <line num="40" count="20" type="stmt"/>
      <line num="41" count="527" type="stmt"/>
      <line num="43" count="20" type="cond" truecount="2" falsecount="0"/>
      <line num="44" count="3" type="stmt"/>
      <line num="47" count="7" type="stmt"/>
    </file>
  </project>
</coverage>
