{"/var/www/html/ocelotl_container/nodecfdi/utils-internals-baseconverter/src/BaseConverter.ts": {"path":"/var/www/html/ocelotl_container/nodecfdi/utils-internals-baseconverter/src/BaseConverter.ts","statementMap":{"0":{"start":{"line":1,"column":0},"end":{"line":1,"column":64}},"1":{"start":{"line":7,"column":4},"end":{"line":7,"column":37}},"2":{"start":{"line":11,"column":4},"end":{"line":11,"column":29}},"3":{"start":{"line":15,"column":4},"end":{"line":15,"column":38}},"4":{"start":{"line":19,"column":4},"end":{"line":19,"column":96}},"5":{"start":{"line":23,"column":4},"end":{"line":25,"column":null}},"6":{"start":{"line":24,"column":6},"end":{"line":24,"column":43}},"7":{"start":{"line":26,"column":4},"end":{"line":28,"column":null}},"8":{"start":{"line":27,"column":6},"end":{"line":27,"column":41}},"9":{"start":{"line":29,"column":27},"end":{"line":29,"column":50}},"10":{"start":{"line":30,"column":4},"end":{"line":32,"column":null}},"11":{"start":{"line":31,"column":6},"end":{"line":31,"column":34}},"12":{"start":{"line":33,"column":16},"end":{"line":33,"column":55}},"13":{"start":{"line":34,"column":4},"end":{"line":36,"column":null}},"14":{"start":{"line":35,"column":6},"end":{"line":35,"column":75}},"15":{"start":{"line":37,"column":17},"end":{"line":37,"column":29}},"16":{"start":{"line":38,"column":19},"end":{"line":38,"column":21}},"17":{"start":{"line":39,"column":4},"end":{"line":41,"column":null}},"18":{"start":{"line":39,"column":21},"end":{"line":39,"column":22}},"19":{"start":{"line":40,"column":6},"end":{"line":40,"column":65}},"20":{"start":{"line":42,"column":17},"end":{"line":42,"column":19}},"21":{"start":{"line":43,"column":17},"end":{"line":43,"column":18}},"22":{"start":{"line":44,"column":4},"end":{"line":60,"column":25}},"23":{"start":{"line":45,"column":19},"end":{"line":45,"column":20}},"24":{"start":{"line":46,"column":6},"end":{"line":46,"column":17}},"25":{"start":{"line":47,"column":6},"end":{"line":57,"column":null}},"26":{"start":{"line":47,"column":23},"end":{"line":47,"column":24}},"27":{"start":{"line":48,"column":8},"end":{"line":48,"column":51}},"28":{"start":{"line":49,"column":8},"end":{"line":56,"column":null}},"29":{"start":{"line":50,"column":10},"end":{"line":50,"column":55}},"30":{"start":{"line":51,"column":10},"end":{"line":51,"column":35}},"31":{"start":{"line":52,"column":10},"end":{"line":52,"column":22}},"32":{"start":{"line":53,"column":15},"end":{"line":56,"column":null}},"33":{"start":{"line":54,"column":10},"end":{"line":54,"column":29}},"34":{"start":{"line":55,"column":10},"end":{"line":55,"column":22}},"35":{"start":{"line":58,"column":6},"end":{"line":58,"column":22}},"36":{"start":{"line":59,"column":6},"end":{"line":59,"column":54}},"37":{"start":{"line":61,"column":4},"end":{"line":61,"column":18}},"38":{"start":{"line":3,"column":0},"end":{"line":3,"column":13}}},"fnMap":{"0":{"name":"(anonymous_0)","decl":{"start":{"line":6,"column":2},"end":{"line":6,"column":14}},"loc":{"start":{"line":6,"column":49},"end":{"line":8,"column":3}}},"1":{"name":"(anonymous_1)","decl":{"start":{"line":10,"column":9},"end":{"line":10,"column":17}},"loc":{"start":{"line":10,"column":17},"end":{"line":12,"column":3}}},"2":{"name":"(anonymous_2)","decl":{"start":{"line":14,"column":9},"end":{"line":14,"column":20}},"loc":{"start":{"line":14,"column":20},"end":{"line":16,"column":3}}},"3":{"name":"(anonymous_3)","decl":{"start":{"line":18,"column":9},"end":{"line":18,"column":15}},"loc":{"start":{"line":18,"column":28},"end":{"line":20,"column":3}}},"4":{"name":"(anonymous_4)","decl":{"start":{"line":22,"column":9},"end":{"line":22,"column":16}},"loc":{"start":{"line":22,"column":64},"end":{"line":62,"column":3}}}},"branchMap":{"0":{"loc":{"start":{"line":23,"column":4},"end":{"line":25,"column":null}},"type":"if","locations":[{"start":{"line":23,"column":4},"end":{"line":25,"column":null}},{"start":{"line":23,"column":4},"end":{"line":25,"column":null}}]},"1":{"loc":{"start":{"line":23,"column":8},"end":{"line":23,"column":20}},"type":"binary-expr","locations":[{"start":{"line":23,"column":8},"end":{"line":23,"column":20}},{"start":{"line":23,"column":24},"end":{"line":23,"column":53}}]},"2":{"loc":{"start":{"line":26,"column":4},"end":{"line":28,"column":null}},"type":"if","locations":[{"start":{"line":26,"column":4},"end":{"line":28,"column":null}},{"start":{"line":26,"column":4},"end":{"line":28,"column":null}}]},"3":{"loc":{"start":{"line":26,"column":8},"end":{"line":26,"column":18}},"type":"binary-expr","locations":[{"start":{"line":26,"column":8},"end":{"line":26,"column":18}},{"start":{"line":26,"column":22},"end":{"line":26,"column":49}}]},"4":{"loc":{"start":{"line":30,"column":4},"end":{"line":32,"column":null}},"type":"if","locations":[{"start":{"line":30,"column":4},"end":{"line":32,"column":null}},{"start":{"line":30,"column":4},"end":{"line":32,"column":null}}]},"5":{"loc":{"start":{"line":34,"column":4},"end":{"line":36,"column":null}},"type":"if","locations":[{"start":{"line":34,"column":4},"end":{"line":36,"column":null}},{"start":{"line":34,"column":4},"end":{"line":36,"column":null}}]},"6":{"loc":{"start":{"line":49,"column":8},"end":{"line":56,"column":null}},"type":"if","locations":[{"start":{"line":49,"column":8},"end":{"line":56,"column":null}},{"start":{"line":49,"column":8},"end":{"line":56,"column":null}}]},"7":{"loc":{"start":{"line":53,"column":15},"end":{"line":56,"column":null}},"type":"if","locations":[{"start":{"line":53,"column":15},"end":{"line":56,"column":null}},{"start":{"line":53,"column":15},"end":{"line":56,"column":null}}]}},"s":{"0":1,"1":15,"2":8,"3":21,"4":13,"5":15,"6":4,"7":11,"8":4,"9":7,"10":7,"11":1,"12":7,"13":7,"14":1,"15":6,"16":6,"17":6,"18":6,"19":74,"20":6,"21":6,"22":6,"23":79,"24":79,"25":79,"26":79,"27":1130,"28":1130,"29":965,"30":965,"31":965,"32":165,"33":91,"34":91,"35":79,"36":79,"37":6,"38":1},"f":{"0":15,"1":8,"2":21,"3":13,"4":15},"b":{"0":[4,11],"1":[15,12],"2":[4,7],"3":[11,8],"4":[1,6],"5":[1,6],"6":[965,165],"7":[91,74]}}
,"/var/www/html/ocelotl_container/nodecfdi/utils-internals-baseconverter/src/BaseConverterSequence.ts": {"path":"/var/www/html/ocelotl_container/nodecfdi/utils-internals-baseconverter/src/BaseConverterSequence.ts","statementMap":{"0":{"start":{"line":5,"column":4},"end":{"line":5,"column":49}},"1":{"start":{"line":6,"column":4},"end":{"line":6,"column":29}},"2":{"start":{"line":10,"column":4},"end":{"line":10,"column":25}},"3":{"start":{"line":14,"column":4},"end":{"line":14,"column":25}},"4":{"start":{"line":18,"column":4},"end":{"line":18,"column":32}},"5":{"start":{"line":22,"column":4},"end":{"line":27,"column":null}},"6":{"start":{"line":23,"column":6},"end":{"line":23,"column":48}},"7":{"start":{"line":24,"column":6},"end":{"line":24,"column":18}},"8":{"start":{"line":26,"column":6},"end":{"line":26,"column":19}},"9":{"start":{"line":31,"column":27},"end":{"line":31,"column":42}},"10":{"start":{"line":33,"column":4},"end":{"line":35,"column":null}},"11":{"start":{"line":34,"column":6},"end":{"line":34,"column":68}},"12":{"start":{"line":36,"column":4},"end":{"line":38,"column":null}},"13":{"start":{"line":37,"column":6},"end":{"line":37,"column":68}},"14":{"start":{"line":39,"column":20},"end":{"line":39,"column":97}},"15":{"start":{"line":39,"column":65},"end":{"line":39,"column":92}},"16":{"start":{"line":40,"column":26},"end":{"line":42,"column":6}},"17":{"start":{"line":41,"column":6},"end":{"line":41,"column":26}},"18":{"start":{"line":43,"column":4},"end":{"line":51,"column":null}},"19":{"start":{"line":44,"column":6},"end":{"line":50,"column":8}},"20":{"start":{"line":47,"column":12},"end":{"line":47,"column":26}},"21":{"start":{"line":1,"column":0},"end":{"line":1,"column":13}}},"fnMap":{"0":{"name":"(anonymous_0)","decl":{"start":{"line":4,"column":2},"end":{"line":4,"column":14}},"loc":{"start":{"line":4,"column":30},"end":{"line":7,"column":3}}},"1":{"name":"(anonymous_1)","decl":{"start":{"line":9,"column":9},"end":{"line":9,"column":17}},"loc":{"start":{"line":9,"column":17},"end":{"line":11,"column":3}}},"2":{"name":"(anonymous_2)","decl":{"start":{"line":13,"column":9},"end":{"line":13,"column":14}},"loc":{"start":{"line":13,"column":14},"end":{"line":15,"column":3}}},"3":{"name":"(anonymous_3)","decl":{"start":{"line":17,"column":9},"end":{"line":17,"column":15}},"loc":{"start":{"line":17,"column":15},"end":{"line":19,"column":3}}},"4":{"name":"(anonymous_4)","decl":{"start":{"line":21,"column":9},"end":{"line":21,"column":15}},"loc":{"start":{"line":21,"column":37},"end":{"line":28,"column":3}}},"5":{"name":"(anonymous_5)","decl":{"start":{"line":30,"column":9},"end":{"line":30,"column":15}},"loc":{"start":{"line":30,"column":45},"end":{"line":52,"column":3}}},"6":{"name":"(anonymous_6)","decl":{"start":{"line":39,"column":55},"end":{"line":39,"column":56}},"loc":{"start":{"line":39,"column":65},"end":{"line":39,"column":92}}},"7":{"name":"(anonymous_7)","decl":{"start":{"line":40,"column":57},"end":{"line":40,"column":58}},"loc":{"start":{"line":40,"column":65},"end":{"line":42,"column":5}}},"8":{"name":"(anonymous_8)","decl":{"start":{"line":46,"column":15},"end":{"line":46,"column":16}},"loc":{"start":{"line":46,"column":23},"end":{"line":48,"column":11}}}},"branchMap":{"0":{"loc":{"start":{"line":33,"column":4},"end":{"line":35,"column":null}},"type":"if","locations":[{"start":{"line":33,"column":4},"end":{"line":35,"column":null}},{"start":{"line":33,"column":4},"end":{"line":35,"column":null}}]},"1":{"loc":{"start":{"line":36,"column":4},"end":{"line":38,"column":null}},"type":"if","locations":[{"start":{"line":36,"column":4},"end":{"line":38,"column":null}},{"start":{"line":36,"column":4},"end":{"line":38,"column":null}}]},"2":{"loc":{"start":{"line":39,"column":66},"end":{"line":39,"column":86}},"type":"binary-expr","locations":[{"start":{"line":39,"column":66},"end":{"line":39,"column":86}},{"start":{"line":39,"column":91},"end":{"line":39,"column":92}}]},"3":{"loc":{"start":{"line":39,"column":73},"end":{"line":39,"column":81}},"type":"binary-expr","locations":[{"start":{"line":39,"column":73},"end":{"line":39,"column":81}},{"start":{"line":39,"column":85},"end":{"line":39,"column":86}}]},"4":{"loc":{"start":{"line":43,"column":4},"end":{"line":51,"column":null}},"type":"if","locations":[{"start":{"line":43,"column":4},"end":{"line":51,"column":null}},{"start":{"line":43,"column":4},"end":{"line":51,"column":null}}]}},"s":{"0":21,"1":16,"2":1,"3":8,"4":22,"5":4,"6":4,"7":1,"8":3,"9":25,"10":25,"11":4,"12":21,"13":1,"14":20,"15":534,"16":20,"17":527,"18":20,"19":3,"20":7,"21":2},"f":{"0":21,"1":1,"2":8,"3":22,"4":4,"5":25,"6":534,"7":527,"8":7},"b":{"0":[4,21],"1":[1,20],"2":[534,534],"3":[534,527],"4":[3,17]}}
}
