TN:
SF:src/BaseConverter.ts
FN:6,(anonymous_0)
FN:10,(anonymous_1)
FN:14,(anonymous_2)
FN:18,(anonymous_3)
FN:22,(anonymous_4)
FNF:5
FNH:5
FNDA:15,(anonymous_0)
FNDA:8,(anonymous_1)
FNDA:21,(anonymous_2)
FNDA:13,(anonymous_3)
FNDA:15,(anonymous_4)
DA:1,1
DA:3,1
DA:7,15
DA:11,8
DA:15,21
DA:19,13
DA:23,15
DA:24,4
DA:26,11
DA:27,4
DA:29,7
DA:30,7
DA:31,1
DA:33,7
DA:34,7
DA:35,1
DA:37,6
DA:38,6
DA:39,6
DA:40,74
DA:42,6
DA:43,6
DA:44,6
DA:45,79
DA:46,79
DA:47,79
DA:48,1130
DA:49,1130
DA:50,965
DA:51,965
DA:52,965
DA:53,165
DA:54,91
DA:55,91
DA:58,79
DA:59,79
DA:61,6
LF:37
LH:37
BRDA:23,0,0,4
BRDA:23,0,1,11
BRDA:23,1,0,15
BRDA:23,1,1,12
BRDA:26,2,0,4
BRDA:26,2,1,7
BRDA:26,3,0,11
BRDA:26,3,1,8
BRDA:30,4,0,1
BRDA:30,4,1,6
BRDA:34,5,0,1
BRDA:34,5,1,6
BRDA:49,6,0,965
BRDA:49,6,1,165
BRDA:53,7,0,91
BRDA:53,7,1,74
BRF:16
BRH:16
end_of_record
TN:
SF:src/BaseConverterSequence.ts
FN:4,(anonymous_0)
FN:9,(anonymous_1)
FN:13,(anonymous_2)
FN:17,(anonymous_3)
FN:21,(anonymous_4)
FN:30,(anonymous_5)
FN:39,(anonymous_6)
FN:40,(anonymous_7)
FN:46,(anonymous_8)
FNF:9
FNH:9
FNDA:21,(anonymous_0)
FNDA:1,(anonymous_1)
FNDA:8,(anonymous_2)
FNDA:22,(anonymous_3)
FNDA:4,(anonymous_4)
FNDA:25,(anonymous_5)
FNDA:534,(anonymous_6)
FNDA:527,(anonymous_7)
FNDA:7,(anonymous_8)
DA:1,2
DA:5,21
DA:6,16
DA:10,1
DA:14,8
DA:18,22
DA:22,4
DA:23,4
DA:24,1
DA:26,3
DA:31,25
DA:33,25
DA:34,4
DA:36,21
DA:37,1
DA:39,534
DA:40,20
DA:41,527
DA:43,20
DA:44,3
DA:47,7
LF:21
LH:21
BRDA:33,0,0,4
BRDA:33,0,1,21
BRDA:36,1,0,1
BRDA:36,1,1,20
BRDA:39,2,0,534
BRDA:39,2,1,534
BRDA:39,3,0,534
BRDA:39,3,1,527
BRDA:43,4,0,3
BRDA:43,4,1,17
BRF:10
BRH:10
end_of_record
